Using pre-set license
Built from '2020.2/staging' branch; Version is '2020.2.6f1 (8a2143876886) revision 9052483'; Using compiler version '192528614'; Build Type 'Release'
OS: 'Windows 10 Education; OS build 19042.804; Version 2009; 64bit' Language: 'en' Physical Memory: 16317 MB
BatchMode: 1, IsHumanControllingUs: 0, StartBugReporterOnCrash: 0, Is64bit: 1, IsPro: 0

 COMMAND LINE ARGUMENTS:
C:\Program Files\Unity\Hub\Editor\2020.2.6f1\Editor\Unity.exe
-adb2
-batchMode
-noUpm
-name
AssetImportWorker0
-projectPath
E:/Download/Mustachio_5_4_20/Mustachio_3_9_20/TacoTown
-logFile
Logs/AssetImportWorker0.log
-srvPort
51704
Successfully changed project path to: E:/Download/Mustachio_5_4_20/Mustachio_3_9_20/TacoTown
E:/Download/Mustachio_5_4_20/Mustachio_3_9_20/TacoTown
Using Asset Import Pipeline V2.
Refreshing native plugins compatible for Editor in 78.62 ms, found 0 plugins.
Preloading 0 native plugins for Editor in 0.00 ms.
Initialize engine version: 2020.2.6f1 (8a2143876886)
[Subsystems] Discovering subsystems at path C:/Program Files/Unity/Hub/Editor/2020.2.6f1/Editor/Data/Resources/UnitySubsystems
[Subsystems] Discovering subsystems at path E:/Download/Mustachio_5_4_20/Mustachio_3_9_20/TacoTown/Assets
GfxDevice: creating device client; threaded=0
Direct3D:
    Version:  Direct3D 11.0 [level 11.1]
    Renderer: NVIDIA GeForce GTX 970 (ID=0x13c2)
    Vendor:   
    VRAM:     4043 MB
    Driver:   27.21.14.5671
Initialize mono
Mono path[0] = 'C:/Program Files/Unity/Hub/Editor/2020.2.6f1/Editor/Data/Managed'
Mono path[1] = 'C:/Program Files/Unity/Hub/Editor/2020.2.6f1/Editor/Data/MonoBleedingEdge/lib/mono/unityjit'
Mono config path = 'C:/Program Files/Unity/Hub/Editor/2020.2.6f1/Editor/Data/MonoBleedingEdge/etc'
Using monoOptions --debugger-agent=transport=dt_socket,embedding=1,server=y,suspend=n,address=127.0.0.1:56696
Begin MonoManager ReloadAssembly
Registering precompiled unity dll's ...
Register platform support module: C:/Program Files/Unity/Hub/Editor/2020.2.6f1/Editor/Data/PlaybackEngines/WebGLSupport/UnityEditor.WebGL.Extensions.dll
Register platform support module: C:/Program Files/Unity/Hub/Editor/2020.2.6f1/Editor/Data/PlaybackEngines/WindowsStandaloneSupport/UnityEditor.WindowsStandalone.Extensions.dll
Registered in 0.004073 seconds.
Native extension for WindowsStandalone target not found
Native extension for WebGL target not found
Refreshing native plugins compatible for Editor in 77.36 ms, found 0 plugins.
Preloading 0 native plugins for Editor in 0.00 ms.
Invoked RoslynAnalysisRunner static constructor.
RoslynAnalysisRunner will not be running.
RoslynAnalysisRunner has terminated.
Mono: successfully reloaded assembly
- Completed reload, in  3.041 seconds
Platform modules already initialized, skipping
Registering precompiled user dll's ...
Registered in 0.001608 seconds.
Begin MonoManager ReloadAssembly
Native extension for WindowsStandalone target not found
Native extension for WebGL target not found
Refreshing native plugins compatible for Editor in 84.90 ms, found 0 plugins.
Preloading 0 native plugins for Editor in 0.00 ms.
Invoked RoslynAnalysisRunner static constructor.
RoslynAnalysisRunner will not be running.
RoslynAnalysisRunner has terminated.
HDRP Internally changed the storage of Cube Cookie to use Octahedral Projection inside the 2D Cookie Atlas. It is recommended that you increase the size of the 2D Cookie Atlas if your cookies no longer fit.
UnityEngine.StackTraceUtility:ExtractStackTrace ()
UnityEngine.DebugLogHandler:LogFormat (UnityEngine.LogType,UnityEngine.Object,string,object[])
UnityEngine.Logger:Log (UnityEngine.LogType,object)
UnityEngine.Debug:Log (object)
UnityEngine.Rendering.HighDefinition.HDRenderPipelineAsset/<>c:<.cctor>b__110_12 (UnityEngine.Rendering.HighDefinition.HDRenderPipelineAsset) (at Library/PackageCache/com.unity.render-pipelines.high-definition@10.3.1/Runtime/RenderPipeline/HDRenderPipelineAsset.Migration.cs:126)
UnityEngine.Rendering.HighDefinition.MigrationStep`2<UnityEngine.Rendering.HighDefinition.HDRenderPipelineAsset/Version, UnityEngine.Rendering.HighDefinition.HDRenderPipelineAsset>:Migrate (UnityEngine.Rendering.HighDefinition.HDRenderPipelineAsset) (at Library/PackageCache/com.unity.render-pipelines.high-definition@10.3.1/Runtime/Core/Migration/MigrationStep.cs:52)
UnityEngine.Rendering.HighDefinition.MigrationDescription`2<UnityEngine.Rendering.HighDefinition.HDRenderPipelineAsset/Version, UnityEngine.Rendering.HighDefinition.HDRenderPipelineAsset>:Migrate (UnityEngine.Rendering.HighDefinition.HDRenderPipelineAsset) (at Library/PackageCache/com.unity.render-pipelines.high-definition@10.3.1/Runtime/Core/Migration/MigrationDescription.cs:101)
UnityEngine.Rendering.HighDefinition.HDRenderPipelineAsset:OnEnable () (at Library/PackageCache/com.unity.render-pipelines.high-definition@10.3.1/Runtime/RenderPipeline/HDRenderPipelineAsset.Migration.cs:146)
UnityEngine.Rendering.GraphicsSettings:get_currentRenderPipeline ()
UnityEditor.Rendering.HighDefinition.HDBakedReflectionSystem:Initialize () (at Library/PackageCache/com.unity.render-pipelines.high-definition@10.3.1/Editor/Lighting/Reflection/HDBakedReflectionSystem.cs:42)

(Filename: Library/PackageCache/com.unity.render-pipelines.high-definition@10.3.1/Runtime/RenderPipeline/HDRenderPipelineAsset.Migration.cs Line: 126)

Mono: successfully reloaded assembly
- Completed reload, in  1.440 seconds
Platform modules already initialized, skipping
========================================================================
Worker process is ready to serve import requests
Launched and connected shader compiler UnityShaderCompiler.exe after 0.06 seconds
Refreshing native plugins compatible for Editor in 1.27 ms, found 0 plugins.
Preloading 0 native plugins for Editor in 0.00 ms.
Unloading 3343 Unused Serialized files (Serialized files now loaded: 0)
System memory in use before: 167.1 MB.
System memory in use after: 167.3 MB.

Unloading 10 unused Assets to reduce memory usage. Loaded Objects now: 3802.
Total: 6.165800 ms (FindLiveObjects: 1.049800 ms CreateObjectMapping: 0.514800 ms MarkObjects: 4.479900 ms  DeleteObjects: 0.117500 ms)

========================================================================
Received Import Request.
  path: Assets/Scenes/Game.unity
  artifactKey: Guid(5bbc5c733ee072a4f84cfb7821ce1897) Importer(815301076,1909f56bfc062723c751e8b465ee728b)
Start importing Assets/Scenes/Game.unity using Guid(5bbc5c733ee072a4f84cfb7821ce1897) Importer(815301076,1909f56bfc062723c751e8b465ee728b)  -> (artifact id: 'bcaf6ee6acdabdbbd6ec46e38a64a785') in 0.025410 seconds
  Import took 0.033661 seconds .

========================================================================
Received Import Request.
  Time since last request: 3.231221 seconds.
  path: Assets/Scenes/Opening.unity
  artifactKey: Guid(8f566abd4179490409ad3a82f54fbecd) Importer(815301076,1909f56bfc062723c751e8b465ee728b)
Start importing Assets/Scenes/Opening.unity using Guid(8f566abd4179490409ad3a82f54fbecd) Importer(815301076,1909f56bfc062723c751e8b465ee728b)  -> (artifact id: '2f47d9ec6c75d86a62472ff4914ded18') in 0.002938 seconds
  Import took 0.008382 seconds .

========================================================================
Received Import Request.
  Time since last request: 0.003914 seconds.
  path: Assets/Scenes/Opening.unity
  artifactKey: Guid(8f566abd4179490409ad3a82f54fbecd) Importer(815301076,1909f56bfc062723c751e8b465ee728b)
Start importing Assets/Scenes/Opening.unity using Guid(8f566abd4179490409ad3a82f54fbecd) Importer(815301076,1909f56bfc062723c751e8b465ee728b)  -> (artifact id: '2f47d9ec6c75d86a62472ff4914ded18') in 0.002196 seconds
  Import took 0.007356 seconds .

========================================================================
Received Prepare
Registering precompiled user dll's ...
Registered in 0.001917 seconds.
Begin MonoManager ReloadAssembly
Native extension for WindowsStandalone target not found
Native extension for WebGL target not found
Refreshing native plugins compatible for Editor in 0.57 ms, found 0 plugins.
Preloading 0 native plugins for Editor in 0.00 ms.
Invoked RoslynAnalysisRunner static constructor.
RoslynAnalysisRunner will not be running.
RoslynAnalysisRunner has terminated.
Mono: successfully reloaded assembly
- Completed reload, in  1.204 seconds
Platform modules already initialized, skipping
Refreshing native plugins compatible for Editor in 0.57 ms, found 0 plugins.
Preloading 0 native plugins for Editor in 0.00 ms.
Unloading 3067 Unused Serialized files (Serialized files now loaded: 0)
System memory in use before: 154.5 MB.
System memory in use after: 154.7 MB.

Unloading 5 unused Assets to reduce memory usage. Loaded Objects now: 3804.
Total: 4.154900 ms (FindLiveObjects: 0.443100 ms CreateObjectMapping: 0.182200 ms MarkObjects: 3.489900 ms  DeleteObjects: 0.037400 ms)

========================================================================
Received Prepare
Registering precompiled user dll's ...
Registered in 0.001595 seconds.
Begin MonoManager ReloadAssembly
Native extension for WindowsStandalone target not found
Native extension for WebGL target not found
Refreshing native plugins compatible for Editor in 0.68 ms, found 0 plugins.
Preloading 0 native plugins for Editor in 0.00 ms.
Invoked RoslynAnalysisRunner static constructor.
RoslynAnalysisRunner will not be running.
RoslynAnalysisRunner has terminated.
Mono: successfully reloaded assembly
- Completed reload, in  1.233 seconds
Platform modules already initialized, skipping
Switching build target platform(5) subTarget(0) extendedPlatform(0) -> platform(13) subTarget(589824) extendedPlatform(0)
Refreshing native plugins compatible for Editor in 0.63 ms, found 0 plugins.
Preloading 0 native plugins for Editor in 0.00 ms.
Unloading 3071 Unused Serialized files (Serialized files now loaded: 0)
System memory in use before: 151.9 MB.
System memory in use after: 152.1 MB.

Unloading 5 unused Assets to reduce memory usage. Loaded Objects now: 3806.
Total: 2.865400 ms (FindLiveObjects: 0.403900 ms CreateObjectMapping: 0.097300 ms MarkObjects: 2.340500 ms  DeleteObjects: 0.022000 ms)

AssetImportParameters requested are different than current active one (requested -> active):
  custom:graphics/normal-map-encoding: 01000000000000000000000000000000 -> 02000000000000000000000000000000
========================================================================
Received Prepare
Refreshing native plugins compatible for Editor in 1.42 ms, found 0 plugins.
Preloading 0 native plugins for Editor in 0.00 ms.
Unloading 4 Unused Serialized files (Serialized files now loaded: 0)
System memory in use before: 91.4 MB.
System memory in use after: 91.7 MB.

Unloading 3 unused Assets to reduce memory usage. Loaded Objects now: 3806.
Total: 2.755200 ms (FindLiveObjects: 0.328800 ms CreateObjectMapping: 0.092100 ms MarkObjects: 2.313100 ms  DeleteObjects: 0.019800 ms)

========================================================================
Received Import Request.
  Time since last request: 767.344300 seconds.
  path: Assets/Scenes/Game.unity
  artifactKey: Guid(5bbc5c733ee072a4f84cfb7821ce1897) Importer(815301076,1909f56bfc062723c751e8b465ee728b)
Start importing Assets/Scenes/Game.unity using Guid(5bbc5c733ee072a4f84cfb7821ce1897) Importer(815301076,1909f56bfc062723c751e8b465ee728b)  -> (artifact id: '5d0c92f9f1d638db51f7b61ded52c465') in 0.016824 seconds
  Import took 0.030784 seconds .

========================================================================
Received Import Request.
  Time since last request: 0.002245 seconds.
  path: Assets/Scenes/Game.unity
  artifactKey: Guid(5bbc5c733ee072a4f84cfb7821ce1897) Importer(815301076,1909f56bfc062723c751e8b465ee728b)
Start importing Assets/Scenes/Game.unity using Guid(5bbc5c733ee072a4f84cfb7821ce1897) Importer(815301076,1909f56bfc062723c751e8b465ee728b)  -> (artifact id: '5d0c92f9f1d638db51f7b61ded52c465') in 0.007891 seconds
  Import took 0.024643 seconds .

========================================================================
Received Prepare
Registering precompiled user dll's ...
Registered in 0.005857 seconds.
Begin MonoManager ReloadAssembly
Native extension for WindowsStandalone target not found
Native extension for WebGL target not found
Refreshing native plugins compatible for Editor in 1.12 ms, found 0 plugins.
Preloading 0 native plugins for Editor in 0.00 ms.
Invoked RoslynAnalysisRunner static constructor.
RoslynAnalysisRunner will not be running.
RoslynAnalysisRunner has terminated.
Mono: successfully reloaded assembly
- Completed reload, in  2.060 seconds
Platform modules already initialized, skipping
Switching build target platform(5) subTarget(0) extendedPlatform(0) -> platform(13) subTarget(589824) extendedPlatform(0)
Refreshing native plugins compatible for Editor in 2.55 ms, found 0 plugins.
Preloading 0 native plugins for Editor in 0.00 ms.
Unloading 3071 Unused Serialized files (Serialized files now loaded: 0)
System memory in use before: 152.0 MB.
System memory in use after: 152.2 MB.

Unloading 5 unused Assets to reduce memory usage. Loaded Objects now: 3808.
Total: 6.930000 ms (FindLiveObjects: 1.167200 ms CreateObjectMapping: 0.575300 ms MarkObjects: 5.133400 ms  DeleteObjects: 0.051300 ms)

AssetImportParameters requested are different than current active one (requested -> active):
  custom:graphics/normal-map-encoding: 01000000000000000000000000000000 -> 02000000000000000000000000000000
========================================================================
Received Import Request.
  Time since last request: 309.572398 seconds.
  path: Assets
  artifactKey: Guid(00000000000000001000000000000000) Importer(815301076,1909f56bfc062723c751e8b465ee728b)
Start importing Assets using Guid(00000000000000001000000000000000) Importer(815301076,1909f56bfc062723c751e8b465ee728b)  -> (artifact id: 'f47cf443bddc682ac2de11ea429897ce') in 0.008805 seconds
  Import took 0.015315 seconds .

========================================================================
Received Import Request.
  Time since last request: 0.943548 seconds.
  path: Assets/HDRPDefaultResources
  artifactKey: Guid(abc661c586a9116428571bb17ea1a331) Importer(815301076,1909f56bfc062723c751e8b465ee728b)
Start importing Assets/HDRPDefaultResources using Guid(abc661c586a9116428571bb17ea1a331) Importer(815301076,1909f56bfc062723c751e8b465ee728b)  -> (artifact id: '99abfea63c88884ab2d026b74bba1de4') in 0.003445 seconds
  Import took 0.010314 seconds .

========================================================================
Received Import Request.
  Time since last request: 12.557568 seconds.
  path: Assets/New HDRenderPipelineAsset.asset
  artifactKey: Guid(ea330bd03b78b484093281b45c21caf1) Importer(815301076,1909f56bfc062723c751e8b465ee728b)
Start importing Assets/New HDRenderPipelineAsset.asset using Guid(ea330bd03b78b484093281b45c21caf1) Importer(815301076,1909f56bfc062723c751e8b465ee728b)  -> (artifact id: '5862a5719e0a64137c7f596710eed9d7') in 0.058756 seconds
  Import took 0.064224 seconds .

========================================================================
Received Prepare
Switching render pipeline 3e2e6bfc59709614ab90c0cd7d755e48 -> ea330bd03b78b484093281b45c21caf1
Refreshing native plugins compatible for Editor in 1.62 ms, found 0 plugins.
Preloading 0 native plugins for Editor in 0.00 ms.
Unloading 6 Unused Serialized files (Serialized files now loaded: 0)
System memory in use before: 91.6 MB.
System memory in use after: 91.8 MB.

Unloading 17 unused Assets to reduce memory usage. Loaded Objects now: 3805.
Total: 4.163200 ms (FindLiveObjects: 0.382300 ms CreateObjectMapping: 0.114200 ms MarkObjects: 3.063600 ms  DeleteObjects: 0.601500 ms)

========================================================================
Received Prepare
Registering precompiled user dll's ...
Registered in 0.001593 seconds.
Begin MonoManager ReloadAssembly
Native extension for WindowsStandalone target not found
Native extension for WebGL target not found
Refreshing native plugins compatible for Editor in 0.57 ms, found 0 plugins.
Preloading 0 native plugins for Editor in 0.00 ms.
Invoked RoslynAnalysisRunner static constructor.
RoslynAnalysisRunner will not be running.
RoslynAnalysisRunner has terminated.
HDRP Internally changed the storage of Cube Cookie to use Octahedral Projection inside the 2D Cookie Atlas. It is recommended that you increase the size of the 2D Cookie Atlas if your cookies no longer fit.
UnityEngine.StackTraceUtility:ExtractStackTrace ()
UnityEngine.DebugLogHandler:LogFormat (UnityEngine.LogType,UnityEngine.Object,string,object[])
UnityEngine.Logger:Log (UnityEngine.LogType,object)
UnityEngine.Debug:Log (object)
UnityEngine.Rendering.HighDefinition.HDRenderPipelineAsset/<>c:<.cctor>b__110_12 (UnityEngine.Rendering.HighDefinition.HDRenderPipelineAsset) (at Library/PackageCache/com.unity.render-pipelines.high-definition@10.3.2/Runtime/RenderPipeline/HDRenderPipelineAsset.Migration.cs:126)
UnityEngine.Rendering.HighDefinition.MigrationStep`2<UnityEngine.Rendering.HighDefinition.HDRenderPipelineAsset/Version, UnityEngine.Rendering.HighDefinition.HDRenderPipelineAsset>:Migrate (UnityEngine.Rendering.HighDefinition.HDRenderPipelineAsset) (at Library/PackageCache/com.unity.render-pipelines.high-definition@10.3.2/Runtime/Core/Migration/MigrationStep.cs:52)
UnityEngine.Rendering.HighDefinition.MigrationDescription`2<UnityEngine.Rendering.HighDefinition.HDRenderPipelineAsset/Version, UnityEngine.Rendering.HighDefinition.HDRenderPipelineAsset>:Migrate (UnityEngine.Rendering.HighDefinition.HDRenderPipelineAsset) (at Library/PackageCache/com.unity.render-pipelines.high-definition@10.3.2/Runtime/Core/Migration/MigrationDescription.cs:101)
UnityEngine.Rendering.HighDefinition.HDRenderPipelineAsset:OnEnable () (at Library/PackageCache/com.unity.render-pipelines.high-definition@10.3.2/Runtime/RenderPipeline/HDRenderPipelineAsset.Migration.cs:146)
UnityEngine.Rendering.GraphicsSettings:get_currentRenderPipeline ()
UnityEditor.Rendering.HighDefinition.HDBakedReflectionSystem:Initialize () (at Library/PackageCache/com.unity.render-pipelines.high-definition@10.3.2/Editor/Lighting/Reflection/HDBakedReflectionSystem.cs:42)

(Filename: Library/PackageCache/com.unity.render-pipelines.high-definition@10.3.2/Runtime/RenderPipeline/HDRenderPipelineAsset.Migration.cs Line: 126)

Mono: successfully reloaded assembly
- Completed reload, in  1.206 seconds
Platform modules already initialized, skipping
Switching render pipeline 3e2e6bfc59709614ab90c0cd7d755e48 -> ea330bd03b78b484093281b45c21caf1
Refreshing native plugins compatible for Editor in 0.58 ms, found 0 plugins.
Preloading 0 native plugins for Editor in 0.00 ms.
Unloading 3072 Unused Serialized files (Serialized files now loaded: 0)
System memory in use before: 154.7 MB.
System memory in use after: 155.0 MB.

Unloading 19 unused Assets to reduce memory usage. Loaded Objects now: 3807.
Total: 3.456500 ms (FindLiveObjects: 0.337700 ms CreateObjectMapping: 0.094600 ms MarkObjects: 2.492500 ms  DeleteObjects: 0.529600 ms)

========================================================================
Received Prepare
HDRP Internally changed the storage of Cube Cookie to use Octahedral Projection inside the 2D Cookie Atlas. It is recommended that you increase the size of the 2D Cookie Atlas if your cookies no longer fit.
UnityEngine.StackTraceUtility:ExtractStackTrace ()
UnityEngine.DebugLogHandler:LogFormat (UnityEngine.LogType,UnityEngine.Object,string,object[])
UnityEngine.Logger:Log (UnityEngine.LogType,object)
UnityEngine.Debug:Log (object)
UnityEngine.Rendering.HighDefinition.HDRenderPipelineAsset/<>c:<.cctor>b__110_12 (UnityEngine.Rendering.HighDefinition.HDRenderPipelineAsset) (at Library/PackageCache/com.unity.render-pipelines.high-definition@10.3.2/Runtime/RenderPipeline/HDRenderPipelineAsset.Migration.cs:126)
UnityEngine.Rendering.HighDefinition.MigrationStep`2<UnityEngine.Rendering.HighDefinition.HDRenderPipelineAsset/Version, UnityEngine.Rendering.HighDefinition.HDRenderPipelineAsset>:Migrate (UnityEngine.Rendering.HighDefinition.HDRenderPipelineAsset) (at Library/PackageCache/com.unity.render-pipelines.high-definition@10.3.2/Runtime/Core/Migration/MigrationStep.cs:52)
UnityEngine.Rendering.HighDefinition.MigrationDescription`2<UnityEngine.Rendering.HighDefinition.HDRenderPipelineAsset/Version, UnityEngine.Rendering.HighDefinition.HDRenderPipelineAsset>:Migrate (UnityEngine.Rendering.HighDefinition.HDRenderPipelineAsset) (at Library/PackageCache/com.unity.render-pipelines.high-definition@10.3.2/Runtime/Core/Migration/MigrationDescription.cs:101)
UnityEngine.Rendering.HighDefinition.HDRenderPipelineAsset:OnEnable () (at Library/PackageCache/com.unity.render-pipelines.high-definition@10.3.2/Runtime/RenderPipeline/HDRenderPipelineAsset.Migration.cs:146)

(Filename: Library/PackageCache/com.unity.render-pipelines.high-definition@10.3.2/Runtime/RenderPipeline/HDRenderPipelineAsset.Migration.cs Line: 126)

Switching render pipeline 3e2e6bfc59709614ab90c0cd7d755e48 -> ea330bd03b78b484093281b45c21caf1
Refreshing native plugins compatible for Editor in 1.37 ms, found 0 plugins.
Preloading 0 native plugins for Editor in 0.00 ms.
Unloading 9 Unused Serialized files (Serialized files now loaded: 0)
System memory in use before: 94.3 MB.
System memory in use after: 94.5 MB.

Unloading 17 unused Assets to reduce memory usage. Loaded Objects now: 3807.
Total: 2.640100 ms (FindLiveObjects: 0.327100 ms CreateObjectMapping: 0.097200 ms MarkObjects: 2.131900 ms  DeleteObjects: 0.082500 ms)

========================================================================
Received Prepare
HDRP Internally changed the storage of Cube Cookie to use Octahedral Projection inside the 2D Cookie Atlas. It is recommended that you increase the size of the 2D Cookie Atlas if your cookies no longer fit.
UnityEngine.StackTraceUtility:ExtractStackTrace ()
UnityEngine.DebugLogHandler:LogFormat (UnityEngine.LogType,UnityEngine.Object,string,object[])
UnityEngine.Logger:Log (UnityEngine.LogType,object)
UnityEngine.Debug:Log (object)
UnityEngine.Rendering.HighDefinition.HDRenderPipelineAsset/<>c:<.cctor>b__110_12 (UnityEngine.Rendering.HighDefinition.HDRenderPipelineAsset) (at Library/PackageCache/com.unity.render-pipelines.high-definition@10.3.2/Runtime/RenderPipeline/HDRenderPipelineAsset.Migration.cs:126)
UnityEngine.Rendering.HighDefinition.MigrationStep`2<UnityEngine.Rendering.HighDefinition.HDRenderPipelineAsset/Version, UnityEngine.Rendering.HighDefinition.HDRenderPipelineAsset>:Migrate (UnityEngine.Rendering.HighDefinition.HDRenderPipelineAsset) (at Library/PackageCache/com.unity.render-pipelines.high-definition@10.3.2/Runtime/Core/Migration/MigrationStep.cs:52)
UnityEngine.Rendering.HighDefinition.MigrationDescription`2<UnityEngine.Rendering.HighDefinition.HDRenderPipelineAsset/Version, UnityEngine.Rendering.HighDefinition.HDRenderPipelineAsset>:Migrate (UnityEngine.Rendering.HighDefinition.HDRenderPipelineAsset) (at Library/PackageCache/com.unity.render-pipelines.high-definition@10.3.2/Runtime/Core/Migration/MigrationDescription.cs:101)
UnityEngine.Rendering.HighDefinition.HDRenderPipelineAsset:OnEnable () (at Library/PackageCache/com.unity.render-pipelines.high-definition@10.3.2/Runtime/RenderPipeline/HDRenderPipelineAsset.Migration.cs:146)

(Filename: Library/PackageCache/com.unity.render-pipelines.high-definition@10.3.2/Runtime/RenderPipeline/HDRenderPipelineAsset.Migration.cs Line: 126)

Switching render pipeline 3e2e6bfc59709614ab90c0cd7d755e48 -> ea330bd03b78b484093281b45c21caf1
Refreshing native plugins compatible for Editor in 1.35 ms, found 0 plugins.
Preloading 0 native plugins for Editor in 0.00 ms.
Unloading 9 Unused Serialized files (Serialized files now loaded: 0)
System memory in use before: 94.3 MB.
System memory in use after: 94.5 MB.

Unloading 17 unused Assets to reduce memory usage. Loaded Objects now: 3807.
Total: 3.045800 ms (FindLiveObjects: 0.448900 ms CreateObjectMapping: 0.112200 ms MarkObjects: 2.390600 ms  DeleteObjects: 0.092400 ms)

========================================================================
Received Import Request.
  Time since last request: 111.771467 seconds.
  path: Assets/New HDRenderPipelineAsset.asset
  artifactKey: Guid(ea330bd03b78b484093281b45c21caf1) Importer(815301076,1909f56bfc062723c751e8b465ee728b)
Start importing Assets/New HDRenderPipelineAsset.asset using Guid(ea330bd03b78b484093281b45c21caf1) Importer(815301076,1909f56bfc062723c751e8b465ee728b)  -> (artifact id: 'faa6e0626da4dcdcb6606f8156b153e3') in 0.010312 seconds
  Import took 0.016114 seconds .

========================================================================
Received Import Request.
  Time since last request: 0.035046 seconds.
  path: Assets/New HDRenderPipelineAsset.asset
  artifactKey: Guid(ea330bd03b78b484093281b45c21caf1) Importer(815301076,1909f56bfc062723c751e8b465ee728b)
Start importing Assets/New HDRenderPipelineAsset.asset using Guid(ea330bd03b78b484093281b45c21caf1) Importer(815301076,1909f56bfc062723c751e8b465ee728b)  -> (artifact id: 'faa6e0626da4dcdcb6606f8156b153e3') in 0.002844 seconds
  Import took 0.008198 seconds .

========================================================================
Received Prepare
Registering precompiled user dll's ...
Registered in 0.001587 seconds.
Begin MonoManager ReloadAssembly
Native extension for WindowsStandalone target not found
Native extension for WebGL target not found
Refreshing native plugins compatible for Editor in 0.65 ms, found 0 plugins.
Preloading 0 native plugins for Editor in 0.00 ms.
Invoked RoslynAnalysisRunner static constructor.
RoslynAnalysisRunner will not be running.
RoslynAnalysisRunner has terminated.
Mono: successfully reloaded assembly
- Completed reload, in  1.175 seconds
Platform modules already initialized, skipping
Refreshing native plugins compatible for Editor in 0.59 ms, found 0 plugins.
Preloading 0 native plugins for Editor in 0.00 ms.
Unloading 3068 Unused Serialized files (Serialized files now loaded: 0)
System memory in use before: 154.6 MB.
System memory in use after: 154.9 MB.

Unloading 6 unused Assets to reduce memory usage. Loaded Objects now: 3809.
Total: 2.752200 ms (FindLiveObjects: 0.316500 ms CreateObjectMapping: 0.091300 ms MarkObjects: 2.096500 ms  DeleteObjects: 0.246700 ms)

AssetImportWorkerClient::OnTransportError - code=2 error=End of file
